<?xml version="1.0" encoding="UTF-8"?>
<!-- Generated by org.testng.reporters.JUnitXMLReporter -->
<testsuite hostname="Vinayak-LP" name="ListnerTest" tests="3" failures="1" timestamp="25 Feb 2017 06:09:49 GMT" time="0.074" errors="0">
  <testcase name="methodAddingNumbers" time="0.015" classname="TestNg.ListnerMain"/>
  <testcase name="dividedByZero" time="0.011" classname="TestNg.ListnerMain">
    <failure type="java.lang.ArithmeticException" message="/ by zero">
      <![CDATA[java.lang.ArithmeticException: / by zero
	at TestNg.ListnerMain.dividedByZero(ListnerMain.java:14)
... Removed 25 stack frames]]>
    </failure>
  </testcase> <!-- dividedByZero -->
  <testcase name="methodSkip" time="0.0" classname="TestNg.ListnerMain">
    <skipped/>
  </testcase> <!-- methodSkip -->
</testsuite> <!-- ListnerTest -->
