<?xml version="1.0" encoding="UTF-8"?>
<!-- Generated by org.testng.reporters.JUnitXMLReporter -->
<testsuite hostname="Vinayak-LP" name="GroupTest" tests="4" failures="0" timestamp="24 Feb 2017 20:03:09 GMT" time="0.054" errors="0">
  <testcase name="f" time="0.013" classname="TestNg.GroupTest"/>
  <testcase name="f" time="0.002" classname="TestNg.GroupTest"/>
  <testcase name="f" time="0.002" classname="TestNg.GroupTest"/>
  <testcase name="f" time="0.002" classname="TestNg.GroupTest"/>
</testsuite> <!-- GroupTest -->
