<?xml version="1.0" encoding="UTF-8"?>
<testng-results skipped="5" failed="0" total="6" passed="1">
  <reporter-output>
    <line>
      <![CDATA[User is sucessfully logged in to the application ]]>
    </line>
  </reporter-output>
  <suite name="Suite" duration-ms="50356" started-at="2018-08-21T09:51:02Z" finished-at="2018-08-21T09:51:52Z">
    <groups>
    </groups>
    <test name="Test-1" duration-ms="50066" started-at="2018-08-21T09:51:02Z" finished-at="2018-08-21T09:51:52Z">
      <class name="MB.testcases.LoginTest">
        <test-method status="PASS" signature="checkRunMode()[pri:0, instance:MB.testcases.LoginTest@617faa95]" name="checkRunMode" is-config="true" duration-ms="32491" started-at="2018-08-21T15:21:02Z" finished-at="2018-08-21T15:21:34Z">
          <reporter-output>
          </reporter-output>
        </test-method> <!-- checkRunMode -->
        <test-method status="PASS" signature="sampleTest(java.lang.String, java.lang.String, java.lang.String, java.lang.String, java.lang.String, java.lang.String, java.lang.String)[pri:0, instance:MB.testcases.LoginTest@617faa95]" name="sampleTest" duration-ms="12325" started-at="2018-08-21T15:21:34Z" data-provider="getData" finished-at="2018-08-21T15:21:47Z">
          <params>
            <param index="0">
              <value>
                <![CDATA[vinayak.bansal@gmail.com]]>
              </value>
            </param>
            <param index="1">
              <value>
                <![CDATA[admin@1234]]>
              </value>
            </param>
            <param index="2">
              <value>
                <![CDATA[prateek wisteria, Sector 77, Noi]]>
              </value>
            </param>
            <param index="3">
              <value>
                <![CDATA[Flat]]>
              </value>
            </param>
            <param index="4">
              <value>
                <![CDATA[50]]>
              </value>
            </param>
            <param index="5">
              <value>
                <![CDATA[2]]>
              </value>
            </param>
            <param index="6">
              <value>
                <![CDATA[Prateek Wisteria]]>
              </value>
            </param>
          </params>
          <reporter-output>
            <line>
              <![CDATA[User is sucessfully logged in to the application ]]>
            </line>
          </reporter-output>
        </test-method> <!-- sampleTest -->
        <test-method status="PASS" signature="close()[pri:0, instance:MB.testcases.LoginTest@617faa95]" name="close" is-config="true" duration-ms="5158" started-at="2018-08-21T15:21:47Z" finished-at="2018-08-21T15:21:52Z">
          <reporter-output>
          </reporter-output>
        </test-method> <!-- close -->
      </class> <!-- MB.testcases.LoginTest -->
    </test> <!-- Test-1 -->
    <test name="Test-2" duration-ms="220" started-at="2018-08-21T09:51:52Z" finished-at="2018-08-21T09:51:52Z">
      <class name="MB.testcases.PropertySearchTest">
        <test-method status="PASS" signature="init()[pri:0, instance:MB.testcases.PropertySearchTest@6b09bb57]" name="init" is-config="true" duration-ms="926" started-at="2018-08-21T15:21:01Z" finished-at="2018-08-21T15:21:02Z">
          <reporter-output>
          </reporter-output>
        </test-method> <!-- init -->
        <test-method status="SKIP" signature="checkRunMode()[pri:0, instance:MB.testcases.PropertySearchTest@6b09bb57]" name="checkRunMode" is-config="true" duration-ms="0" started-at="2018-08-21T15:21:52Z" finished-at="2018-08-21T15:21:52Z">
          <exception class="org.testng.SkipException">
            <message>
              <![CDATA[Skipping the test]]>
            </message>
            <full-stacktrace>
              <![CDATA[org.testng.SkipException: Skipping the test
	at MB.testcases.PropertySearchTest.checkRunMode(PropertySearchTest.java:35)
	at sun.reflect.NativeMethodAccessorImpl.invoke0(Native Method)
	at sun.reflect.NativeMethodAccessorImpl.invoke(NativeMethodAccessorImpl.java:62)
	at sun.reflect.DelegatingMethodAccessorImpl.invoke(DelegatingMethodAccessorImpl.java:43)
	at java.lang.reflect.Method.invoke(Method.java:483)
	at org.testng.internal.MethodInvocationHelper.invokeMethod(MethodInvocationHelper.java:86)
	at org.testng.internal.Invoker.invokeConfigurationMethod(Invoker.java:515)
	at org.testng.internal.Invoker.invokeConfigurations(Invoker.java:216)
	at org.testng.internal.Invoker.invokeConfigurations(Invoker.java:143)
	at org.testng.TestRunner.beforeRun(TestRunner.java:656)
	at org.testng.TestRunner.run(TestRunner.java:624)
	at org.testng.SuiteRunner.runTest(SuiteRunner.java:366)
	at org.testng.SuiteRunner.runSequentially(SuiteRunner.java:361)
	at org.testng.SuiteRunner.privateRun(SuiteRunner.java:319)
	at org.testng.SuiteRunner.run(SuiteRunner.java:268)
	at org.testng.SuiteRunnerWorker.runSuite(SuiteRunnerWorker.java:52)
	at org.testng.SuiteRunnerWorker.run(SuiteRunnerWorker.java:86)
	at org.testng.TestNG.runSuitesSequentially(TestNG.java:1225)
	at org.testng.TestNG.runSuitesLocally(TestNG.java:1150)
	at org.testng.TestNG.runSuites(TestNG.java:1075)
	at org.testng.TestNG.run(TestNG.java:1047)
	at org.testng.remote.AbstractRemoteTestNG.run(AbstractRemoteTestNG.java:126)
	at org.testng.remote.RemoteTestNG.initAndRun(RemoteTestNG.java:137)
	at org.testng.remote.RemoteTestNG.main(RemoteTestNG.java:58)
]]>
            </full-stacktrace>
          </exception> <!-- org.testng.SkipException -->
          <reporter-output>
          </reporter-output>
        </test-method> <!-- checkRunMode -->
        <test-method status="SKIP" signature="login(java.lang.String, java.lang.String, java.lang.String, java.lang.String, java.lang.String, java.lang.String, java.lang.String)[pri:0, instance:MB.testcases.PropertySearchTest@6b09bb57]" name="login" duration-ms="10" started-at="2018-08-21T15:21:52Z" data-provider="getData" finished-at="2018-08-21T15:21:52Z">
          <params>
            <param index="0">
              <value>
                <![CDATA[vinayak.bansal@gmail.com]]>
              </value>
            </param>
            <param index="1">
              <value>
                <![CDATA[admin@1234]]>
              </value>
            </param>
            <param index="2">
              <value>
                <![CDATA[prateek wisteria, Sector 77, Noi]]>
              </value>
            </param>
            <param index="3">
              <value>
                <![CDATA[Flat]]>
              </value>
            </param>
            <param index="4">
              <value>
                <![CDATA[50]]>
              </value>
            </param>
            <param index="5">
              <value>
                <![CDATA[2]]>
              </value>
            </param>
            <param index="6">
              <value>
                <![CDATA[Prateek Wisteria]]>
              </value>
            </param>
          </params>
          <reporter-output>
          </reporter-output>
        </test-method> <!-- login -->
        <test-method status="SKIP" signature="searchproperty(java.lang.String, java.lang.String, java.lang.String, java.lang.String, java.lang.String, java.lang.String, java.lang.String)[pri:0, instance:MB.testcases.PropertySearchTest@6b09bb57]" name="searchproperty" duration-ms="0" started-at="2018-08-21T15:21:52Z" data-provider="getData" depends-on-methods="MB.testcases.PropertySearchTest.login" finished-at="2018-08-21T15:21:52Z">
          <exception class="java.lang.Throwable">
            <message>
              <![CDATA[Method PropertySearchTest.searchproperty(java.lang.String, java.lang.String, java.lang.String, java.lang.String, java.lang.String, java.lang.String, java.lang.String)[pri:0, instance:MB.testcases.PropertySearchTest@6b09bb57] depends on not successfully finished methods]]>
            </message>
            <full-stacktrace>
              <![CDATA[java.lang.Throwable: Method PropertySearchTest.searchproperty(java.lang.String, java.lang.String, java.lang.String, java.lang.String, java.lang.String, java.lang.String, java.lang.String)[pri:0, instance:MB.testcases.PropertySearchTest@6b09bb57] depends on not successfully finished methods
	at org.testng.internal.Invoker.invokeTestMethods(Invoker.java:1040)
	at org.testng.internal.TestMethodWorker.invokeTestMethods(TestMethodWorker.java:129)
	at org.testng.internal.TestMethodWorker.run(TestMethodWorker.java:112)
	at org.testng.TestRunner.privateRun(TestRunner.java:778)
	at org.testng.TestRunner.run(TestRunner.java:632)
	at org.testng.SuiteRunner.runTest(SuiteRunner.java:366)
	at org.testng.SuiteRunner.runSequentially(SuiteRunner.java:361)
	at org.testng.SuiteRunner.privateRun(SuiteRunner.java:319)
	at org.testng.SuiteRunner.run(SuiteRunner.java:268)
	at org.testng.SuiteRunnerWorker.runSuite(SuiteRunnerWorker.java:52)
	at org.testng.SuiteRunnerWorker.run(SuiteRunnerWorker.java:86)
	at org.testng.TestNG.runSuitesSequentially(TestNG.java:1225)
	at org.testng.TestNG.runSuitesLocally(TestNG.java:1150)
	at org.testng.TestNG.runSuites(TestNG.java:1075)
	at org.testng.TestNG.run(TestNG.java:1047)
	at org.testng.remote.AbstractRemoteTestNG.run(AbstractRemoteTestNG.java:126)
	at org.testng.remote.RemoteTestNG.initAndRun(RemoteTestNG.java:137)
	at org.testng.remote.RemoteTestNG.main(RemoteTestNG.java:58)
]]>
            </full-stacktrace>
          </exception> <!-- java.lang.Throwable -->
          <reporter-output>
          </reporter-output>
        </test-method> <!-- searchproperty -->
        <test-method status="SKIP" signature="verifySocietyResult(java.lang.String, java.lang.String, java.lang.String, java.lang.String, java.lang.String, java.lang.String, java.lang.String)[pri:2, instance:MB.testcases.PropertySearchTest@6b09bb57]" name="verifySocietyResult" duration-ms="0" started-at="2018-08-21T15:21:52Z" data-provider="getData" depends-on-methods="MB.testcases.PropertySearchTest.searchproperty" finished-at="2018-08-21T15:21:52Z">
          <exception class="java.lang.Throwable">
            <message>
              <![CDATA[Method PropertySearchTest.verifySocietyResult(java.lang.String, java.lang.String, java.lang.String, java.lang.String, java.lang.String, java.lang.String, java.lang.String)[pri:2, instance:MB.testcases.PropertySearchTest@6b09bb57] depends on not successfully finished methods]]>
            </message>
            <full-stacktrace>
              <![CDATA[java.lang.Throwable: Method PropertySearchTest.verifySocietyResult(java.lang.String, java.lang.String, java.lang.String, java.lang.String, java.lang.String, java.lang.String, java.lang.String)[pri:2, instance:MB.testcases.PropertySearchTest@6b09bb57] depends on not successfully finished methods
	at org.testng.internal.Invoker.invokeTestMethods(Invoker.java:1040)
	at org.testng.internal.TestMethodWorker.invokeTestMethods(TestMethodWorker.java:129)
	at org.testng.internal.TestMethodWorker.run(TestMethodWorker.java:112)
	at org.testng.TestRunner.privateRun(TestRunner.java:778)
	at org.testng.TestRunner.run(TestRunner.java:632)
	at org.testng.SuiteRunner.runTest(SuiteRunner.java:366)
	at org.testng.SuiteRunner.runSequentially(SuiteRunner.java:361)
	at org.testng.SuiteRunner.privateRun(SuiteRunner.java:319)
	at org.testng.SuiteRunner.run(SuiteRunner.java:268)
	at org.testng.SuiteRunnerWorker.runSuite(SuiteRunnerWorker.java:52)
	at org.testng.SuiteRunnerWorker.run(SuiteRunnerWorker.java:86)
	at org.testng.TestNG.runSuitesSequentially(TestNG.java:1225)
	at org.testng.TestNG.runSuitesLocally(TestNG.java:1150)
	at org.testng.TestNG.runSuites(TestNG.java:1075)
	at org.testng.TestNG.run(TestNG.java:1047)
	at org.testng.remote.AbstractRemoteTestNG.run(AbstractRemoteTestNG.java:126)
	at org.testng.remote.RemoteTestNG.initAndRun(RemoteTestNG.java:137)
	at org.testng.remote.RemoteTestNG.main(RemoteTestNG.java:58)
]]>
            </full-stacktrace>
          </exception> <!-- java.lang.Throwable -->
          <reporter-output>
          </reporter-output>
        </test-method> <!-- verifySocietyResult -->
        <test-method status="SKIP" signature="verifyPriceResult(java.lang.String, java.lang.String, java.lang.String, java.lang.String, java.lang.String, java.lang.String, java.lang.String)[pri:3, instance:MB.testcases.PropertySearchTest@6b09bb57]" name="verifyPriceResult" duration-ms="0" started-at="2018-08-21T15:21:52Z" data-provider="getData" depends-on-methods="MB.testcases.PropertySearchTest.searchproperty" finished-at="2018-08-21T15:21:52Z">
          <exception class="java.lang.Throwable">
            <message>
              <![CDATA[Method PropertySearchTest.verifyPriceResult(java.lang.String, java.lang.String, java.lang.String, java.lang.String, java.lang.String, java.lang.String, java.lang.String)[pri:3, instance:MB.testcases.PropertySearchTest@6b09bb57] depends on not successfully finished methods]]>
            </message>
            <full-stacktrace>
              <![CDATA[java.lang.Throwable: Method PropertySearchTest.verifyPriceResult(java.lang.String, java.lang.String, java.lang.String, java.lang.String, java.lang.String, java.lang.String, java.lang.String)[pri:3, instance:MB.testcases.PropertySearchTest@6b09bb57] depends on not successfully finished methods
	at org.testng.internal.Invoker.invokeTestMethods(Invoker.java:1040)
	at org.testng.internal.TestMethodWorker.invokeTestMethods(TestMethodWorker.java:129)
	at org.testng.internal.TestMethodWorker.run(TestMethodWorker.java:112)
	at org.testng.TestRunner.privateRun(TestRunner.java:778)
	at org.testng.TestRunner.run(TestRunner.java:632)
	at org.testng.SuiteRunner.runTest(SuiteRunner.java:366)
	at org.testng.SuiteRunner.runSequentially(SuiteRunner.java:361)
	at org.testng.SuiteRunner.privateRun(SuiteRunner.java:319)
	at org.testng.SuiteRunner.run(SuiteRunner.java:268)
	at org.testng.SuiteRunnerWorker.runSuite(SuiteRunnerWorker.java:52)
	at org.testng.SuiteRunnerWorker.run(SuiteRunnerWorker.java:86)
	at org.testng.TestNG.runSuitesSequentially(TestNG.java:1225)
	at org.testng.TestNG.runSuitesLocally(TestNG.java:1150)
	at org.testng.TestNG.runSuites(TestNG.java:1075)
	at org.testng.TestNG.run(TestNG.java:1047)
	at org.testng.remote.AbstractRemoteTestNG.run(AbstractRemoteTestNG.java:126)
	at org.testng.remote.RemoteTestNG.initAndRun(RemoteTestNG.java:137)
	at org.testng.remote.RemoteTestNG.main(RemoteTestNG.java:58)
]]>
            </full-stacktrace>
          </exception> <!-- java.lang.Throwable -->
          <reporter-output>
          </reporter-output>
        </test-method> <!-- verifyPriceResult -->
        <test-method status="SKIP" signature="verifyBHKResult(java.lang.String, java.lang.String, java.lang.String, java.lang.String, java.lang.String, java.lang.String, java.lang.String)[pri:1, instance:MB.testcases.PropertySearchTest@6b09bb57]" name="verifyBHKResult" duration-ms="0" started-at="2018-08-21T15:21:52Z" data-provider="getData" depends-on-methods="MB.testcases.PropertySearchTest.searchproperty" finished-at="2018-08-21T15:21:52Z">
          <exception class="java.lang.Throwable">
            <message>
              <![CDATA[Method PropertySearchTest.verifyBHKResult(java.lang.String, java.lang.String, java.lang.String, java.lang.String, java.lang.String, java.lang.String, java.lang.String)[pri:1, instance:MB.testcases.PropertySearchTest@6b09bb57] depends on not successfully finished methods]]>
            </message>
            <full-stacktrace>
              <![CDATA[java.lang.Throwable: Method PropertySearchTest.verifyBHKResult(java.lang.String, java.lang.String, java.lang.String, java.lang.String, java.lang.String, java.lang.String, java.lang.String)[pri:1, instance:MB.testcases.PropertySearchTest@6b09bb57] depends on not successfully finished methods
	at org.testng.internal.Invoker.invokeTestMethods(Invoker.java:1040)
	at org.testng.internal.TestMethodWorker.invokeTestMethods(TestMethodWorker.java:129)
	at org.testng.internal.TestMethodWorker.run(TestMethodWorker.java:112)
	at org.testng.TestRunner.privateRun(TestRunner.java:778)
	at org.testng.TestRunner.run(TestRunner.java:632)
	at org.testng.SuiteRunner.runTest(SuiteRunner.java:366)
	at org.testng.SuiteRunner.runSequentially(SuiteRunner.java:361)
	at org.testng.SuiteRunner.privateRun(SuiteRunner.java:319)
	at org.testng.SuiteRunner.run(SuiteRunner.java:268)
	at org.testng.SuiteRunnerWorker.runSuite(SuiteRunnerWorker.java:52)
	at org.testng.SuiteRunnerWorker.run(SuiteRunnerWorker.java:86)
	at org.testng.TestNG.runSuitesSequentially(TestNG.java:1225)
	at org.testng.TestNG.runSuitesLocally(TestNG.java:1150)
	at org.testng.TestNG.runSuites(TestNG.java:1075)
	at org.testng.TestNG.run(TestNG.java:1047)
	at org.testng.remote.AbstractRemoteTestNG.run(AbstractRemoteTestNG.java:126)
	at org.testng.remote.RemoteTestNG.initAndRun(RemoteTestNG.java:137)
	at org.testng.remote.RemoteTestNG.main(RemoteTestNG.java:58)
]]>
            </full-stacktrace>
          </exception> <!-- java.lang.Throwable -->
          <reporter-output>
          </reporter-output>
        </test-method> <!-- verifyBHKResult -->
        <test-method status="SKIP" signature="close()[pri:0, instance:MB.testcases.PropertySearchTest@6b09bb57]" name="close" is-config="true" duration-ms="0" started-at="2018-08-21T15:21:52Z" finished-at="2018-08-21T15:21:52Z">
          <reporter-output>
          </reporter-output>
        </test-method> <!-- close -->
        <test-method status="PASS" signature="testQuitDriver()[pri:0, instance:MB.testcases.PropertySearchTest@6b09bb57]" name="testQuitDriver" is-config="true" duration-ms="4032" started-at="2018-08-21T15:21:52Z" finished-at="2018-08-21T15:21:56Z">
          <reporter-output>
          </reporter-output>
        </test-method> <!-- testQuitDriver -->
      </class> <!-- MB.testcases.PropertySearchTest -->
    </test> <!-- Test-2 -->
  </suite> <!-- Suite -->
</testng-results>
