<?xml version="1.0" encoding="UTF-8"?>
<testng-results skipped="0" failed="1" total="5" passed="4">
  <reporter-output>
    <line>
      <![CDATA[User is sucessfully logged in to the application ]]>
    </line>
    <line>
      <![CDATA[ User has sucessfully moved to  SRP page]]>
    </line>
    <line>
      <![CDATA[ page properties have  have bhk 2 BHK Apartment,  2 BHK Apartment,  2 BHK Apartment,  2 BHK Apartment,  2 BHK Apartment,  2 BHK Apartment,  2 BHK Apartment,  2 BHK Apartment,  2 BHK Apartment,  2 BHK Apartment,  2 BHK Apartment,  2 BHK Apartment,  2 BHK Apartment,  2 BHK Apartment,  2 BHK Apartment,  2 BHK Apartment,  2 BHK Apartment,  2 BHK Apartment,  2 BHK Apartment,  2 BHK Apartment,  2 BHK Apartment,  2 BHK Apartment,  2 BHK Apartment,  2 BHK Apartment,  2 BHK Apartment,  2 BHK Apartment,  2 BHK Apartment,  2 BHK Apartment,  2 BHK Apartment,  2 BHK Apartment,  ---------- against: 2]]>
    </line>
    <line>
      <![CDATA[ properties names from page  Prateek Wisteria,  Prateek Wisteria,  Prateek Wisteria,  Prateek Wisteria,  Prateek Wisteria,  Prateek Wisteria,  Prateek Wisteria,  Prateek Wisteria,  Prateek Wisteria,  Prateek Wisteria,  Prateek Wisteria,  Prateek Wisteria,  Prateek Wisteria,  Prateek Wisteria,  Prateek Wisteria,  Prateek Wisteria,  Prateek Wisteria,  Prateek Wisteria,  Prateek Wisteria,  Prateek Wisteria,  Prateek Wisteria,  Prateek Wisteria,  Prateek Wisteria,  Prateek Wisteria,  Prateek Wisteria,  Prateek Wisteria,  Prateek Wisteria,  Prateek Wisteria,  Prateek Wisteria,  Prateek Wisteria, ------------ against: Prateek Wisteria]]>
    </line>
    <line>
      <![CDATA[ All the properties 65.4,  54.6,  55.0,  65.0,  66.0,  50.0,  66.0,  65.5,  58.0,  67.0,  67.0,  70.0,  48.0,  65.0,  68.0,  100.0,  66.6,  66.0,  66.0,  66.0,  65.8,  69.0,  60.0,  56.0,  54.0,  58.0,  58.0,  54.5,  56.0,  66.0,  have price above or equal:--------- 50]]>
    </line>
  </reporter-output>
  <suite name="Default suite" duration-ms="99328" started-at="2018-08-08T10:32:19Z" finished-at="2018-08-08T10:33:59Z">
    <groups>
    </groups>
    <test name="Default test" duration-ms="99328" started-at="2018-08-08T10:32:19Z" finished-at="2018-08-08T10:33:59Z">
      <class name="MB.testcases.PropertySearchTest">
        <test-method status="PASS" signature="init()[pri:0, instance:MB.testcases.PropertySearchTest@a67c67e]" name="init" is-config="true" duration-ms="19422" started-at="2018-08-08T16:02:00Z" finished-at="2018-08-08T16:02:19Z">
          <reporter-output>
          </reporter-output>
        </test-method> <!-- init -->
        <test-method status="PASS" signature="checkRunMode()[pri:0, instance:MB.testcases.PropertySearchTest@a67c67e]" name="checkRunMode" is-config="true" duration-ms="142" started-at="2018-08-08T16:02:19Z" finished-at="2018-08-08T16:02:19Z">
          <reporter-output>
          </reporter-output>
        </test-method> <!-- checkRunMode -->
        <test-method status="PASS" signature="login(java.lang.String, java.lang.String, java.lang.String, java.lang.String, java.lang.String, java.lang.String, java.lang.String)[pri:0, instance:MB.testcases.PropertySearchTest@a67c67e]" name="login" duration-ms="16219" started-at="2018-08-08T16:02:20Z" data-provider="getData" finished-at="2018-08-08T16:02:36Z">
          <params>
            <param index="0">
              <value>
                <![CDATA[vinayak.bansal@gmail.com]]>
              </value>
            </param>
            <param index="1">
              <value>
                <![CDATA[admin@1234]]>
              </value>
            </param>
            <param index="2">
              <value>
                <![CDATA[prateek wisteria, Sector 77, Noi]]>
              </value>
            </param>
            <param index="3">
              <value>
                <![CDATA[Flat]]>
              </value>
            </param>
            <param index="4">
              <value>
                <![CDATA[50]]>
              </value>
            </param>
            <param index="5">
              <value>
                <![CDATA[2]]>
              </value>
            </param>
            <param index="6">
              <value>
                <![CDATA[Prateek Wisteria]]>
              </value>
            </param>
          </params>
          <reporter-output>
            <line>
              <![CDATA[User is sucessfully logged in to the application ]]>
            </line>
          </reporter-output>
        </test-method> <!-- login -->
        <test-method status="PASS" signature="searchproperty(java.lang.String, java.lang.String, java.lang.String, java.lang.String, java.lang.String, java.lang.String, java.lang.String)[pri:0, instance:MB.testcases.PropertySearchTest@a67c67e]" name="searchproperty" duration-ms="50736" started-at="2018-08-08T16:02:36Z" data-provider="getData" depends-on-methods="MB.testcases.PropertySearchTest.login" finished-at="2018-08-08T16:03:27Z">
          <params>
            <param index="0">
              <value>
                <![CDATA[vinayak.bansal@gmail.com]]>
              </value>
            </param>
            <param index="1">
              <value>
                <![CDATA[admin@1234]]>
              </value>
            </param>
            <param index="2">
              <value>
                <![CDATA[prateek wisteria, Sector 77, Noi]]>
              </value>
            </param>
            <param index="3">
              <value>
                <![CDATA[Flat]]>
              </value>
            </param>
            <param index="4">
              <value>
                <![CDATA[50]]>
              </value>
            </param>
            <param index="5">
              <value>
                <![CDATA[2]]>
              </value>
            </param>
            <param index="6">
              <value>
                <![CDATA[Prateek Wisteria]]>
              </value>
            </param>
          </params>
          <reporter-output>
            <line>
              <![CDATA[ User has sucessfully moved to  SRP page]]>
            </line>
          </reporter-output>
        </test-method> <!-- searchproperty -->
        <test-method status="PASS" signature="verifyBHKResult(java.lang.String, java.lang.String, java.lang.String, java.lang.String, java.lang.String, java.lang.String, java.lang.String)[pri:1, instance:MB.testcases.PropertySearchTest@a67c67e]" name="verifyBHKResult" duration-ms="17703" started-at="2018-08-08T16:03:27Z" data-provider="getData" depends-on-methods="MB.testcases.PropertySearchTest.searchproperty" finished-at="2018-08-08T16:03:44Z">
          <params>
            <param index="0">
              <value>
                <![CDATA[vinayak.bansal@gmail.com]]>
              </value>
            </param>
            <param index="1">
              <value>
                <![CDATA[admin@1234]]>
              </value>
            </param>
            <param index="2">
              <value>
                <![CDATA[prateek wisteria, Sector 77, Noi]]>
              </value>
            </param>
            <param index="3">
              <value>
                <![CDATA[Flat]]>
              </value>
            </param>
            <param index="4">
              <value>
                <![CDATA[50]]>
              </value>
            </param>
            <param index="5">
              <value>
                <![CDATA[2]]>
              </value>
            </param>
            <param index="6">
              <value>
                <![CDATA[Prateek Wisteria]]>
              </value>
            </param>
          </params>
          <reporter-output>
            <line>
              <![CDATA[ page properties have  have bhk 2 BHK Apartment,  2 BHK Apartment,  2 BHK Apartment,  2 BHK Apartment,  2 BHK Apartment,  2 BHK Apartment,  2 BHK Apartment,  2 BHK Apartment,  2 BHK Apartment,  2 BHK Apartment,  2 BHK Apartment,  2 BHK Apartment,  2 BHK Apartment,  2 BHK Apartment,  2 BHK Apartment,  2 BHK Apartment,  2 BHK Apartment,  2 BHK Apartment,  2 BHK Apartment,  2 BHK Apartment,  2 BHK Apartment,  2 BHK Apartment,  2 BHK Apartment,  2 BHK Apartment,  2 BHK Apartment,  2 BHK Apartment,  2 BHK Apartment,  2 BHK Apartment,  2 BHK Apartment,  2 BHK Apartment,  ---------- against: 2]]>
            </line>
          </reporter-output>
        </test-method> <!-- verifyBHKResult -->
        <test-method status="PASS" signature="verifySocietyResult(java.lang.String, java.lang.String, java.lang.String, java.lang.String, java.lang.String, java.lang.String, java.lang.String)[pri:2, instance:MB.testcases.PropertySearchTest@a67c67e]" name="verifySocietyResult" duration-ms="5144" started-at="2018-08-08T16:03:44Z" data-provider="getData" depends-on-methods="MB.testcases.PropertySearchTest.searchproperty" finished-at="2018-08-08T16:03:49Z">
          <params>
            <param index="0">
              <value>
                <![CDATA[vinayak.bansal@gmail.com]]>
              </value>
            </param>
            <param index="1">
              <value>
                <![CDATA[admin@1234]]>
              </value>
            </param>
            <param index="2">
              <value>
                <![CDATA[prateek wisteria, Sector 77, Noi]]>
              </value>
            </param>
            <param index="3">
              <value>
                <![CDATA[Flat]]>
              </value>
            </param>
            <param index="4">
              <value>
                <![CDATA[50]]>
              </value>
            </param>
            <param index="5">
              <value>
                <![CDATA[2]]>
              </value>
            </param>
            <param index="6">
              <value>
                <![CDATA[Prateek Wisteria]]>
              </value>
            </param>
          </params>
          <reporter-output>
            <line>
              <![CDATA[ properties names from page  Prateek Wisteria,  Prateek Wisteria,  Prateek Wisteria,  Prateek Wisteria,  Prateek Wisteria,  Prateek Wisteria,  Prateek Wisteria,  Prateek Wisteria,  Prateek Wisteria,  Prateek Wisteria,  Prateek Wisteria,  Prateek Wisteria,  Prateek Wisteria,  Prateek Wisteria,  Prateek Wisteria,  Prateek Wisteria,  Prateek Wisteria,  Prateek Wisteria,  Prateek Wisteria,  Prateek Wisteria,  Prateek Wisteria,  Prateek Wisteria,  Prateek Wisteria,  Prateek Wisteria,  Prateek Wisteria,  Prateek Wisteria,  Prateek Wisteria,  Prateek Wisteria,  Prateek Wisteria,  Prateek Wisteria, ------------ against: Prateek Wisteria]]>
            </line>
          </reporter-output>
        </test-method> <!-- verifySocietyResult -->
        <test-method status="FAIL" signature="verifyPriceResult(java.lang.String, java.lang.String, java.lang.String, java.lang.String, java.lang.String, java.lang.String, java.lang.String)[pri:3, instance:MB.testcases.PropertySearchTest@a67c67e]" name="verifyPriceResult" duration-ms="5432" started-at="2018-08-08T16:03:49Z" data-provider="getData" depends-on-methods="MB.testcases.PropertySearchTest.searchproperty" finished-at="2018-08-08T16:03:55Z">
          <params>
            <param index="0">
              <value>
                <![CDATA[vinayak.bansal@gmail.com]]>
              </value>
            </param>
            <param index="1">
              <value>
                <![CDATA[admin@1234]]>
              </value>
            </param>
            <param index="2">
              <value>
                <![CDATA[prateek wisteria, Sector 77, Noi]]>
              </value>
            </param>
            <param index="3">
              <value>
                <![CDATA[Flat]]>
              </value>
            </param>
            <param index="4">
              <value>
                <![CDATA[50]]>
              </value>
            </param>
            <param index="5">
              <value>
                <![CDATA[2]]>
              </value>
            </param>
            <param index="6">
              <value>
                <![CDATA[Prateek Wisteria]]>
              </value>
            </param>
          </params>
          <exception class="java.lang.AssertionError">
            <message>
              <![CDATA[The following asserts failed:
	expected [true] but found [false]]]>
            </message>
            <full-stacktrace>
              <![CDATA[java.lang.AssertionError: The following asserts failed:
	expected [true] but found [false]
	at org.testng.asserts.SoftAssert.assertAll(SoftAssert.java:43)
	at MB.pages.SearchResultPage.verifyPrice(SearchResultPage.java:173)
	at MB.testcases.PropertySearchTest.verifyPriceResult(PropertySearchTest.java:102)
	at sun.reflect.NativeMethodAccessorImpl.invoke0(Native Method)
	at sun.reflect.NativeMethodAccessorImpl.invoke(NativeMethodAccessorImpl.java:62)
	at sun.reflect.DelegatingMethodAccessorImpl.invoke(DelegatingMethodAccessorImpl.java:43)
	at java.lang.reflect.Method.invoke(Method.java:483)
	at org.testng.internal.MethodInvocationHelper.invokeMethod(MethodInvocationHelper.java:86)
	at org.testng.internal.Invoker.invokeMethod(Invoker.java:646)
	at org.testng.internal.Invoker.invokeTestMethod(Invoker.java:823)
	at org.testng.internal.Invoker.invokeTestMethods(Invoker.java:1131)
	at org.testng.internal.TestMethodWorker.invokeTestMethods(TestMethodWorker.java:129)
	at org.testng.internal.TestMethodWorker.run(TestMethodWorker.java:112)
	at org.testng.TestRunner.privateRun(TestRunner.java:778)
	at org.testng.TestRunner.run(TestRunner.java:632)
	at org.testng.SuiteRunner.runTest(SuiteRunner.java:366)
	at org.testng.SuiteRunner.runSequentially(SuiteRunner.java:361)
	at org.testng.SuiteRunner.privateRun(SuiteRunner.java:319)
	at org.testng.SuiteRunner.run(SuiteRunner.java:268)
	at org.testng.SuiteRunnerWorker.runSuite(SuiteRunnerWorker.java:52)
	at org.testng.SuiteRunnerWorker.run(SuiteRunnerWorker.java:86)
	at org.testng.TestNG.runSuitesSequentially(TestNG.java:1225)
	at org.testng.TestNG.runSuitesLocally(TestNG.java:1150)
	at org.testng.TestNG.runSuites(TestNG.java:1075)
	at org.testng.TestNG.run(TestNG.java:1047)
	at org.testng.remote.AbstractRemoteTestNG.run(AbstractRemoteTestNG.java:126)
	at org.testng.remote.RemoteTestNG.initAndRun(RemoteTestNG.java:137)
	at org.testng.remote.RemoteTestNG.main(RemoteTestNG.java:58)
]]>
            </full-stacktrace>
          </exception> <!-- java.lang.AssertionError -->
          <reporter-output>
            <line>
              <![CDATA[ All the properties 65.4,  54.6,  55.0,  65.0,  66.0,  50.0,  66.0,  65.5,  58.0,  67.0,  67.0,  70.0,  48.0,  65.0,  68.0,  100.0,  66.6,  66.0,  66.0,  66.0,  65.8,  69.0,  60.0,  56.0,  54.0,  58.0,  58.0,  54.5,  56.0,  66.0,  have price above or equal:--------- 50]]>
            </line>
          </reporter-output>
        </test-method> <!-- verifyPriceResult -->
        <test-method status="PASS" signature="close()[pri:0, instance:MB.testcases.PropertySearchTest@a67c67e]" name="close" is-config="true" duration-ms="3812" started-at="2018-08-08T16:03:55Z" finished-at="2018-08-08T16:03:59Z">
          <reporter-output>
          </reporter-output>
        </test-method> <!-- close -->
        <test-method status="PASS" signature="testQuitDriver()[pri:0, instance:MB.testcases.PropertySearchTest@a67c67e]" name="testQuitDriver" is-config="true" duration-ms="12754" started-at="2018-08-08T16:03:59Z" finished-at="2018-08-08T16:04:11Z">
          <reporter-output>
          </reporter-output>
        </test-method> <!-- testQuitDriver -->
      </class> <!-- MB.testcases.PropertySearchTest -->
    </test> <!-- Default test -->
  </suite> <!-- Default suite -->
</testng-results>
