<?xml version="1.0" encoding="UTF-8"?>
<!-- Generated by org.testng.reporters.JUnitXMLReporter -->
<testsuite hostname="Vinayak-LP" name="RetryTest" tests="4" failures="0" timestamp="24 Feb 2017 18:00:12 GMT" time="16.137" errors="0">
  <testcase name="Timeout" time="1.038" classname="TestNg.RetryAnalyzerImpl"/>
  <testcase name="phoneBrand" time="0.012" classname="TestNg.RetryAnalyzerImpl"/>
  <testcase name="verifyForgotPasswordPage" time="7.199" classname="TestNg.RetryAnalyzerImpl">
    <skipped/>
  </testcase> <!-- verifyForgotPasswordPage -->
  <testcase name="verifyForgotPasswordPage" time="1.812" classname="TestNg.RetryAnalyzerImpl"/>
</testsuite> <!-- RetryTest -->
